<?xml version="1.0" encoding="UTF-8"?>
<testsuite xmlns:xsi="http://www.w3.org/2001/XMLSchema-instance" xsi:noNamespaceSchemaLocation="https://maven.apache.org/surefire/maven-surefire-plugin/xsd/surefire-test-report.xsd" name="TestSuite" time="1.973" tests="7" errors="0" skipped="0" failures="0">
  <properties>
[...]
</properties>
  <testcase name="loginTrue" classname="com.tester.cases.LoginTest" time="0.912"/>
  <testcase name="loginFalse" classname="com.tester.cases.LoginTest" time="0.045"/>
  <testcase name="addUser" classname="com.tester.cases.AddUserTest" time="0.068"/>
  <testcase name="getUserInfo" classname="com.tester.cases.GetUserInfoTest" time="0.061"/>
  <testcase name="updateUserInfo" classname="com.tester.cases.UpdateUserInfoTest" time="0.119"/>
  <testcase name="deleteUser" classname="com.tester.cases.UpdateUserInfoTest" time="0.069"/>
  <testcase name="getUserListInfo" classname="com.tester.cases.GetUserInfoListTest" time="0.032"/>
</testsuite>