<?xml version="1.0" encoding="UTF-8"?>
<!-- Generated by org.testng.reporters.JUnitXMLReporter -->
<testsuite hostname="localhost" ignored="0" name="用户管理系统测试用例" tests="7" failures="0" timestamp="30 五月 2021 10:26:52 GMT" time="1.386" errors="0">
  <testcase name="loginTrue" time="0.911" classname="com.tester.cases.LoginTest"/>
  <testcase name="loginFalse" time="0.043" classname="com.tester.cases.LoginTest"/>
  <testcase name="addUser" time="0.07" classname="com.tester.cases.AddUserTest"/>
  <testcase name="getUserInfo" time="0.061" classname="com.tester.cases.GetUserInfoTest"/>
  <testcase name="updateUserInfo" time="0.118" classname="com.tester.cases.UpdateUserInfoTest"/>
  <testcase name="deleteUser" time="0.07" classname="com.tester.cases.UpdateUserInfoTest"/>
  <testcase name="getUserListInfo" time="0.03" classname="com.tester.cases.GetUserInfoListTest"/>
</testsuite> <!-- 用户管理系统测试用例 -->
